<?xml version="1.0" encoding="UTF-8"?>
<!-- Generated by org.testng.reporters.JUnitReportReporter -->
<testsuite skipped="0" hostname="LAPTOP-AJRJQFP7" name="org.scripts.ParameterConcept1" tests="2" failures="0" timestamp="16 Jun 2020 10:51:58 GMT" time="6.210" errors="0">
  <testcase name="tc1" time="2.085" classname="org.scripts.ParameterConcept1"/>
  <testcase name="tc2" time="4.125" classname="org.scripts.ParameterConcept1"/>
</testsuite> <!-- org.scripts.ParameterConcept1 -->
